/home/chris/miniforge3/envs/chrisdata/bin/python -m chrisdata.cli ner convert
[11.16 12:08:10] ┇ INFO     ┇ =========================================================================================================================================
[11.16 12:08:10] ┇ INFO     ┇ [INIT] python /home/chris/proj/chrisdata2/src/chrisdata/cli.py ner convert
[11.16 12:08:10] ┇ INFO     ┇ =========================================================================================================================================
[11.16 12:08:10] ┇ INFO     ┇ -----+-----------------------------+--------------------------------------------------
[11.16 12:08:10] ┇ INFO     ┇    # | IOArguments                 | value
[11.16 12:08:10] ┇ INFO     ┇ -----+-----------------------------+--------------------------------------------------
[11.16 12:08:10] ┇ INFO     ┇    1 | tag                         |
[11.16 12:08:10] ┇ INFO     ┇    2 | env.project                 | chrisdata
[11.16 12:08:10] ┇ INFO     ┇    3 | env.job_name                | convert_wikidata
[11.16 12:08:10] ┇ INFO     ┇    4 | env.job_version             |
[11.16 12:08:10] ┇ INFO     ┇    5 | env.hostname                | chris36
[11.16 12:08:10] ┇ INFO     ┇    6 | env.hostaddr                | 129.254.181.36
[11.16 12:08:10] ┇ INFO     ┇    7 | env.time_stamp              | 1116.120809
[11.16 12:08:10] ┇ INFO     ┇    8 | env.python_path             | /home/chris/miniforge3/envs/chrisdata/bin/python
[11.16 12:08:10] ┇ INFO     ┇    9 | env.current_dir             | /mnt/dat/proj/chrisdata2
[11.16 12:08:10] ┇ INFO     ┇   10 | env.current_file            | /home/chris/proj/chrisdata2/src/chrisdata/cli.py
[11.16 12:08:10] ┇ INFO     ┇   11 | env.working_dir             | /mnt/dat/proj/chrisdata2
[11.16 12:08:10] ┇ INFO     ┇   12 | env.command_args            | ['ner', 'convert']
[11.16 12:08:10] ┇ INFO     ┇   13 | env.num_ip_addrs            | 41
[11.16 12:08:10] ┇ INFO     ┇   14 | env.max_workers             | 12
[11.16 12:08:10] ┇ INFO     ┇   15 | env.calling_sec             | 0.001
[11.16 12:08:10] ┇ INFO     ┇   16 | env.waiting_sec             | 300.0
[11.16 12:08:10] ┇ INFO     ┇   17 | env.debugging               | False
[11.16 12:08:10] ┇ INFO     ┇   18 | env.logging_home            | /mnt/dat/proj/chrisdata2/output/wikidata/convert
[11.16 12:08:10] ┇ INFO     ┇   19 | env.logging_file            | logging-1116.120809.out
[11.16 12:08:10] ┇ INFO     ┇   20 | env.argument_file           |
[11.16 12:08:10] ┇ INFO     ┇   21 | env.date_format             | [%m.%d %H:%M:%S]
[11.16 12:08:10] ┇ INFO     ┇   22 | env.message_level           | 20
[11.16 12:08:10] ┇ INFO     ┇   23 | env.message_format          | %(asctime)s ┇ %(levelname)-8s ┇ %(message)s
[11.16 12:08:10] ┇ INFO     ┇   24 | time.started                | [11.16 12:08:10]
[11.16 12:08:10] ┇ INFO     ┇   25 | time.settled                |
[11.16 12:08:10] ┇ INFO     ┇   26 | time.elapsed                |
[11.16 12:08:10] ┇ INFO     ┇   27 | input.start                 | 0.0
[11.16 12:08:10] ┇ INFO     ┇   28 | input.limit                 | -1.0
[11.16 12:08:10] ┇ INFO     ┇   29 | input.batch                 | 10.0
[11.16 12:08:10] ┇ INFO     ┇   30 | input.inter                 | 1.0
[11.16 12:08:10] ┇ INFO     ┇   31 | input.data                  | nan
[11.16 12:08:10] ┇ INFO     ┇   32 | input.file.name             | zero-shot-test.jsonl
[11.16 12:08:10] ┇ INFO     ┇   33 | input.file.home             | input/GNER
[11.16 12:08:10] ┇ INFO     ┇   34 | input.file.user             |
[11.16 12:08:10] ┇ INFO     ┇   35 | input.file.pswd             |
[11.16 12:08:10] ┇ INFO     ┇   36 | input.file.reset            | False
[11.16 12:08:10] ┇ INFO     ┇   37 | input.file.required         | True
[11.16 12:08:10] ┇ INFO     ┇   38 | input.file.mode             | rb
[11.16 12:08:10] ┇ INFO     ┇   39 | input.file.encoding         | utf-8
[11.16 12:08:10] ┇ INFO     ┇   40 | output.file.name            | zero-shot-test-conv-1116.120809.jsonl
[11.16 12:08:10] ┇ INFO     ┇   41 | output.file.home            | output/GNER
[11.16 12:08:10] ┇ INFO     ┇   42 | output.file.user            |
[11.16 12:08:10] ┇ INFO     ┇   43 | output.file.pswd            |
[11.16 12:08:10] ┇ INFO     ┇   44 | output.file.reset           | False
[11.16 12:08:10] ┇ INFO     ┇   45 | output.file.required        | True
[11.16 12:08:10] ┇ INFO     ┇   46 | output.file.mode            | w
[11.16 12:08:10] ┇ INFO     ┇   47 | output.file.encoding        | utf-8
[11.16 12:08:10] ┇ INFO     ┇   48 | output.table.name           | GNER_tuning_source
[11.16 12:08:10] ┇ INFO     ┇   49 | output.table.home           | localhost:8800/ner
[11.16 12:08:10] ┇ INFO     ┇   50 | output.table.user           |
[11.16 12:08:10] ┇ INFO     ┇   51 | output.table.pswd           |
[11.16 12:08:10] ┇ INFO     ┇   52 | output.table.reset          | True
[11.16 12:08:10] ┇ INFO     ┇   53 | output.table.required       | True
[11.16 12:08:10] ┇ INFO     ┇   54 | output.table.sort           | _id
[11.16 12:08:10] ┇ INFO     ┇   55 | output.table.find           | {}
[11.16 12:08:10] ┇ INFO     ┇   56 | output.table.timeout        | 30000
[11.16 12:08:10] ┇ INFO     ┇   57 | option.min_entity_freq      | 2
[11.16 12:08:10] ┇ INFO     ┇   58 | option.min_entity_chars     | 3
[11.16 12:08:10] ┇ INFO     ┇   59 | option.min_entity_links     | 3
[11.16 12:08:10] ┇ INFO     ┇   60 | option.max_entity_targets   | 5000
[11.16 12:08:10] ┇ INFO     ┇   61 | option.max_search_candidate | 5
[11.16 12:08:10] ┇ INFO     ┇   62 | option.max_targets_per_page | 3
[11.16 12:08:10] ┇ INFO     ┇ -----+-----------------------------+--------------------------------------------------
[11.16 12:08:10] ┇ INFO     ┇ Drop an existing table: localhost:8800/ner/GNER_tuning_source
[11.16 12:08:10] ┇ INFO     ┇ Number of entities in entity_freq: 2280
[11.16 12:08:10] ┇ INFO     ┇ Number of entities in entity_list: 2280
[11.16 12:08:21] ┇ INFO     ┇ => converting:   0%|▏                                                 | 1/228 [00:11<42:14, 11.17s/item]
[11.16 12:08:30] ┇ INFO     ┇ => converting:   1%|▍                                                 | 2/228 [00:20<38:05, 10.11s/item]
[11.16 12:08:40] ┇ INFO     ┇ => converting:   1%|▋                                                 | 3/228 [00:29<36:13,  9.66s/item]
[11.16 12:08:49] ┇ INFO     ┇ => converting:   2%|▉                                                 | 4/228 [00:39<35:49,  9.59s/item]
[11.16 12:08:59] ┇ INFO     ┇ => converting:   2%|█                                                 | 5/228 [00:49<36:31,  9.83s/item]
[11.16 12:09:11] ┇ INFO     ┇ => converting:   3%|█▎                                                | 6/228 [01:01<39:05, 10.57s/item]
[11.16 12:09:21] ┇ INFO     ┇ => converting:   3%|█▌                                                | 7/228 [01:11<38:01, 10.32s/item]
[11.16 12:09:32] ┇ INFO     ┇ => converting:   4%|█▊                                                | 8/228 [01:21<38:06, 10.39s/item]
[11.16 12:09:40] ┇ INFO     ┇ => converting:   4%|█▉                                                | 9/228 [01:30<35:33,  9.74s/item]
[11.16 12:09:50] ┇ INFO     ┇ => converting:   4%|██▏                                               | 10/228 [01:40<36:03,  9.92s/item]
[11.16 12:10:00] ┇ INFO     ┇ => converting:   5%|██▍                                               | 11/228 [01:49<35:12,  9.74s/item]
[11.16 12:10:08] ┇ INFO     ┇ => converting:   5%|██▋                                               | 12/228 [01:58<33:47,  9.39s/item]
[11.16 12:10:17] ┇ INFO     ┇ => converting:   6%|██▊                                               | 13/228 [02:07<33:00,  9.21s/item]
[11.16 12:10:28] ┇ INFO     ┇ => converting:   6%|███                                               | 14/228 [02:17<34:12,  9.59s/item]
[11.16 12:10:38] ┇ INFO     ┇ => converting:   7%|███▎                                              | 15/228 [02:28<35:01,  9.87s/item]
[11.16 12:10:47] ┇ INFO     ┇ => converting:   7%|███▌                                              | 16/228 [02:37<34:20,  9.72s/item]
[11.16 12:10:58] ┇ INFO     ┇ => converting:   7%|███▋                                              | 17/228 [02:47<34:54,  9.93s/item]
[11.16 12:11:07] ┇ INFO     ┇ => converting:   8%|███▉                                              | 18/228 [02:56<33:50,  9.67s/item]
[11.16 12:11:18] ┇ INFO     ┇ => converting:   8%|████▏                                             | 19/228 [03:08<35:08, 10.09s/item]
[11.16 12:11:26] ┇ INFO     ┇ => converting:   9%|████▍                                             | 20/228 [03:16<33:16,  9.60s/item]
[11.16 12:11:36] ┇ INFO     ┇ => converting:   9%|████▌                                             | 21/228 [03:25<33:02,  9.58s/item]
[11.16 12:11:46] ┇ INFO     ┇ => converting:  10%|████▊                                             | 22/228 [03:35<33:04,  9.63s/item]
[11.16 12:11:55] ┇ INFO     ┇ => converting:  10%|█████                                             | 23/228 [03:45<33:05,  9.69s/item]
[11.16 12:12:05] ┇ INFO     ┇ => converting:  11%|█████▎                                            | 24/228 [03:55<32:56,  9.69s/item]
[11.16 12:12:14] ┇ INFO     ┇ => converting:  11%|█████▍                                            | 25/228 [04:03<31:36,  9.34s/item]
[11.16 12:12:22] ┇ INFO     ┇ => converting:  11%|█████▋                                            | 26/228 [04:12<30:44,  9.13s/item]
[11.16 12:12:32] ┇ INFO     ┇ => converting:  12%|█████▉                                            | 27/228 [04:22<31:05,  9.28s/item]
[11.16 12:12:42] ┇ INFO     ┇ => converting:  12%|██████▏                                           | 28/228 [04:32<31:37,  9.49s/item]
[11.16 12:12:53] ┇ INFO     ┇ => converting:  13%|██████▎                                           | 29/228 [04:43<33:01,  9.96s/item]
[11.16 12:13:03] ┇ INFO     ┇ => converting:  13%|██████▌                                           | 30/228 [04:52<32:27,  9.83s/item]
[11.16 12:13:13] ┇ INFO     ┇ => converting:  14%|██████▊                                           | 31/228 [05:02<32:26,  9.88s/item]
[11.16 12:13:23] ┇ INFO     ┇ => converting:  14%|███████                                           | 32/228 [05:12<32:21,  9.91s/item]
[11.16 12:13:33] ┇ INFO     ┇ => converting:  14%|███████▏                                          | 33/228 [05:22<32:39, 10.05s/item]
[11.16 12:13:42] ┇ INFO     ┇ => converting:  15%|███████▍                                          | 34/228 [05:32<31:32,  9.76s/item]
[11.16 12:13:52] ┇ INFO     ┇ => converting:  15%|███████▋                                          | 35/228 [05:42<31:47,  9.89s/item]
[11.16 12:14:01] ┇ INFO     ┇ => converting:  16%|███████▉                                          | 36/228 [05:51<30:43,  9.60s/item]
[11.16 12:14:11] ┇ INFO     ┇ => converting:  16%|████████                                          | 37/228 [06:01<31:17,  9.83s/item]
[11.16 12:14:21] ┇ INFO     ┇ => converting:  17%|████████▎                                         | 38/228 [06:10<30:39,  9.68s/item]
[11.16 12:14:32] ┇ INFO     ┇ => converting:  17%|████████▌                                         | 39/228 [06:22<32:09, 10.21s/item]
[11.16 12:14:43] ┇ INFO     ┇ => converting:  18%|████████▊                                         | 40/228 [06:33<32:28, 10.36s/item]
[11.16 12:14:54] ┇ INFO     ┇ => converting:  18%|████████▉                                         | 41/228 [06:44<33:03, 10.61s/item]
[11.16 12:15:04] ┇ INFO     ┇ => converting:  18%|█████████▏                                        | 42/228 [06:54<32:38, 10.53s/item]
[11.16 12:15:14] ┇ INFO     ┇ => converting:  19%|█████████▍                                        | 43/228 [07:04<31:56, 10.36s/item]
[11.16 12:15:25] ┇ INFO     ┇ => converting:  19%|█████████▋                                        | 44/228 [07:14<31:30, 10.27s/item]
[11.16 12:15:34] ┇ INFO     ┇ => converting:  20%|█████████▊                                        | 45/228 [07:23<30:19,  9.94s/item]
[11.16 12:15:44] ┇ INFO     ┇ => converting:  20%|██████████                                        | 46/228 [07:33<30:02,  9.90s/item]
[11.16 12:15:54] ┇ INFO     ┇ => converting:  21%|██████████▎                                       | 47/228 [07:43<29:59,  9.94s/item]
[11.16 12:16:06] ┇ INFO     ┇ => converting:  21%|██████████▌                                       | 48/228 [07:55<31:40, 10.56s/item]
[11.16 12:16:16] ┇ INFO     ┇ => converting:  21%|██████████▋                                       | 49/228 [08:05<31:07, 10.43s/item]
[11.16 12:16:25] ┇ INFO     ┇ => converting:  22%|██████████▉                                       | 50/228 [08:15<29:54, 10.08s/item]
[11.16 12:16:36] ┇ INFO     ┇ => converting:  22%|███████████▏                                      | 51/228 [08:25<30:27, 10.33s/item]
[11.16 12:16:47] ┇ INFO     ┇ => converting:  23%|███████████▍                                      | 52/228 [08:37<30:57, 10.56s/item]
[11.16 12:16:56] ┇ INFO     ┇ => converting:  23%|███████████▌                                      | 53/228 [08:45<29:21, 10.07s/item]
[11.16 12:17:05] ┇ INFO     ┇ => converting:  24%|███████████▊                                      | 54/228 [08:55<28:42,  9.90s/item]
[11.16 12:17:14] ┇ INFO     ┇ => converting:  24%|████████████                                      | 55/228 [09:04<27:23,  9.50s/item]
[11.16 12:17:25] ┇ INFO     ┇ => converting:  25%|████████████▎                                     | 56/228 [09:14<28:10,  9.83s/item]
[11.16 12:17:36] ┇ INFO     ┇ => converting:  25%|████████████▌                                     | 57/228 [09:25<29:03, 10.19s/item]
[11.16 12:17:44] ┇ INFO     ┇ => converting:  25%|████████████▋                                     | 58/228 [09:34<27:32,  9.72s/item]
[11.16 12:17:54] ┇ INFO     ┇ => converting:  26%|████████████▉                                     | 59/228 [09:44<27:31,  9.77s/item]
[11.16 12:18:04] ┇ INFO     ┇ => converting:  26%|█████████████▏                                    | 60/228 [09:54<27:53,  9.96s/item]
[11.16 12:18:13] ┇ INFO     ┇ => converting:  27%|█████████████▍                                    | 61/228 [10:03<26:37,  9.57s/item]
[11.16 12:18:22] ┇ INFO     ┇ => converting:  27%|█████████████▌                                    | 62/228 [10:12<26:15,  9.49s/item]
[11.16 12:18:32] ┇ INFO     ┇ => converting:  28%|█████████████▊                                    | 63/228 [10:22<26:30,  9.64s/item]
[11.16 12:18:43] ┇ INFO     ┇ => converting:  28%|██████████████                                    | 64/228 [10:33<27:16,  9.98s/item]
[11.16 12:18:53] ┇ INFO     ┇ => converting:  29%|██████████████▎                                   | 65/228 [10:43<27:09, 10.00s/item]
[11.16 12:19:03] ┇ INFO     ┇ => converting:  29%|██████████████▍                                   | 66/228 [10:52<26:34,  9.84s/item]
[11.16 12:19:12] ┇ INFO     ┇ => converting:  29%|██████████████▋                                   | 67/228 [11:02<26:07,  9.73s/item]
[11.16 12:19:23] ┇ INFO     ┇ => converting:  30%|██████████████▉                                   | 68/228 [11:13<26:48, 10.05s/item]
[11.16 12:19:31] ┇ INFO     ┇ => converting:  30%|███████████████▏                                  | 69/228 [11:20<24:47,  9.36s/item]
[11.16 12:19:39] ┇ INFO     ┇ => converting:  31%|███████████████▎                                  | 70/228 [11:29<24:03,  9.14s/item]
[11.16 12:19:49] ┇ INFO     ┇ => converting:  31%|███████████████▌                                  | 71/228 [11:39<24:16,  9.28s/item]
[11.16 12:19:58] ┇ INFO     ┇ => converting:  32%|███████████████▊                                  | 72/228 [11:48<24:05,  9.27s/item]
[11.16 12:20:07] ┇ INFO     ┇ => converting:  32%|████████████████                                  | 73/228 [11:57<23:51,  9.23s/item]
[11.16 12:20:17] ┇ INFO     ┇ => converting:  32%|████████████████▏                                 | 74/228 [12:06<23:54,  9.32s/item]
[11.16 12:20:28] ┇ INFO     ┇ => converting:  33%|████████████████▍                                 | 75/228 [12:17<24:55,  9.77s/item]
[11.16 12:20:38] ┇ INFO     ┇ => converting:  33%|████████████████▋                                 | 76/228 [12:28<25:07,  9.92s/item]
[11.16 12:20:46] ┇ INFO     ┇ => converting:  34%|████████████████▉                                 | 77/228 [12:36<23:43,  9.43s/item]
[11.16 12:20:56] ┇ INFO     ┇ => converting:  34%|█████████████████                                 | 78/228 [12:46<24:03,  9.62s/item]
[11.16 12:21:05] ┇ INFO     ┇ => converting:  35%|█████████████████▎                                | 79/228 [12:54<22:58,  9.25s/item]
[11.16 12:21:15] ┇ INFO     ┇ => converting:  35%|█████████████████▌                                | 80/228 [13:05<23:42,  9.61s/item]
[11.16 12:21:25] ┇ INFO     ┇ => converting:  36%|█████████████████▊                                | 81/228 [13:15<23:51,  9.74s/item]
[11.16 12:21:35] ┇ INFO     ┇ => converting:  36%|█████████████████▉                                | 82/228 [13:24<23:31,  9.67s/item]
[11.16 12:21:49] ┇ INFO     ┇ => converting:  36%|██████████████████▏                               | 83/228 [13:38<26:26, 10.94s/item]
[11.16 12:21:58] ┇ INFO     ┇ => converting:  37%|██████████████████▍                               | 84/228 [13:48<25:23, 10.58s/item]
[11.16 12:22:09] ┇ INFO     ┇ => converting:  37%|██████████████████▋                               | 85/228 [13:58<25:09, 10.56s/item]
[11.16 12:22:19] ┇ INFO     ┇ => converting:  38%|██████████████████▊                               | 86/228 [14:09<24:47, 10.47s/item]
[11.16 12:22:30] ┇ INFO     ┇ => converting:  38%|███████████████████                               | 87/228 [14:19<24:39, 10.49s/item]
[11.16 12:22:40] ┇ INFO     ┇ => converting:  39%|███████████████████▎                              | 88/228 [14:29<24:16, 10.40s/item]
[11.16 12:22:48] ┇ INFO     ┇ => converting:  39%|███████████████████▌                              | 89/228 [14:38<22:36,  9.76s/item]
[11.16 12:22:57] ┇ INFO     ┇ => converting:  39%|███████████████████▋                              | 90/228 [14:47<21:54,  9.53s/item]
[11.16 12:23:06] ┇ INFO     ┇ => converting:  40%|███████████████████▉                              | 91/228 [14:56<21:33,  9.44s/item]
[11.16 12:23:16] ┇ INFO     ┇ => converting:  40%|████████████████████▏                             | 92/228 [15:06<21:44,  9.59s/item]
[11.16 12:23:26] ┇ INFO     ┇ => converting:  41%|████████████████████▍                             | 93/228 [15:16<21:57,  9.76s/item]
[11.16 12:23:37] ┇ INFO     ┇ => converting:  41%|████████████████████▌                             | 94/228 [15:26<22:03,  9.88s/item]
[11.16 12:23:46] ┇ INFO     ┇ => converting:  42%|████████████████████▊                             | 95/228 [15:36<21:34,  9.73s/item]
[11.16 12:23:57] ┇ INFO     ┇ => converting:  42%|█████████████████████                             | 96/228 [15:47<22:23, 10.18s/item]
[11.16 12:24:09] ┇ INFO     ┇ => converting:  43%|█████████████████████▎                            | 97/228 [15:58<23:06, 10.58s/item]
[11.16 12:24:17] ┇ INFO     ┇ => converting:  43%|█████████████████████▍                            | 98/228 [16:07<21:40, 10.00s/item]
[11.16 12:24:27] ┇ INFO     ┇ => converting:  43%|█████████████████████▋                            | 99/228 [16:16<21:00,  9.77s/item]
[11.16 12:24:38] ┇ INFO     ┇ => converting:  44%|█████████████████████▉                            | 100/228 [16:27<21:39, 10.15s/item]
[11.16 12:24:49] ┇ INFO     ┇ => converting:  44%|██████████████████████▏                           | 101/228 [16:39<22:25, 10.60s/item]
[11.16 12:24:58] ┇ INFO     ┇ => converting:  45%|██████████████████████▎                           | 102/228 [16:48<21:14, 10.11s/item]
[11.16 12:25:09] ┇ INFO     ┇ => converting:  45%|██████████████████████▌                           | 103/228 [16:59<21:25, 10.29s/item]
[11.16 12:25:19] ┇ INFO     ┇ => converting:  46%|██████████████████████▊                           | 104/228 [17:08<20:50, 10.08s/item]
[11.16 12:25:29] ┇ INFO     ┇ => converting:  46%|███████████████████████                           | 105/228 [17:18<20:38, 10.07s/item]
[11.16 12:25:38] ┇ INFO     ┇ => converting:  46%|███████████████████████▏                          | 106/228 [17:28<20:07,  9.90s/item]
[11.16 12:25:48] ┇ INFO     ┇ => converting:  47%|███████████████████████▍                          | 107/228 [17:37<19:43,  9.78s/item]
[11.16 12:25:56] ┇ INFO     ┇ => converting:  47%|███████████████████████▋                          | 108/228 [17:46<18:54,  9.46s/item]
[11.16 12:26:06] ┇ INFO     ┇ => converting:  48%|███████████████████████▉                          | 109/228 [17:56<19:02,  9.60s/item]
[11.16 12:26:15] ┇ INFO     ┇ => converting:  48%|████████████████████████                          | 110/228 [18:05<18:38,  9.48s/item]
[11.16 12:26:24] ┇ INFO     ┇ => converting:  49%|████████████████████████▎                         | 111/228 [18:14<18:01,  9.25s/item]
[11.16 12:26:35] ┇ INFO     ┇ => converting:  49%|████████████████████████▌                         | 112/228 [18:25<18:57,  9.80s/item]
[11.16 12:26:46] ┇ INFO     ┇ => converting:  50%|████████████████████████▊                         | 113/228 [18:36<19:18, 10.07s/item]
[11.16 12:26:57] ┇ INFO     ┇ => converting:  50%|█████████████████████████                         | 114/228 [18:47<19:39, 10.35s/item]
[11.16 12:27:06] ┇ INFO     ┇ => converting:  50%|█████████████████████████▏                        | 115/228 [18:56<18:49,  9.99s/item]
[11.16 12:27:15] ┇ INFO     ┇ => converting:  51%|█████████████████████████▍                        | 116/228 [19:04<17:50,  9.56s/item]
[11.16 12:27:25] ┇ INFO     ┇ => converting:  51%|█████████████████████████▋                        | 117/228 [19:14<17:56,  9.70s/item]
[11.16 12:27:33] ┇ INFO     ┇ => converting:  52%|█████████████████████████▉                        | 118/228 [19:23<17:15,  9.42s/item]
[11.16 12:27:44] ┇ INFO     ┇ => converting:  52%|██████████████████████████                        | 119/228 [19:34<17:47,  9.80s/item]
[11.16 12:27:53] ┇ INFO     ┇ => converting:  53%|██████████████████████████▎                       | 120/228 [19:43<17:12,  9.56s/item]
[11.16 12:28:03] ┇ INFO     ┇ => converting:  53%|██████████████████████████▌                       | 121/228 [19:53<17:13,  9.66s/item]
[11.16 12:28:15] ┇ INFO     ┇ => converting:  54%|██████████████████████████▊                       | 122/228 [20:04<18:05, 10.24s/item]
[11.16 12:28:24] ┇ INFO     ┇ => converting:  54%|██████████████████████████▉                       | 123/228 [20:13<17:22,  9.93s/item]
[11.16 12:28:34] ┇ INFO     ┇ => converting:  54%|███████████████████████████▏                      | 124/228 [20:24<17:27, 10.07s/item]
[11.16 12:28:44] ┇ INFO     ┇ => converting:  55%|███████████████████████████▍                      | 125/228 [20:33<16:54,  9.85s/item]
[11.16 12:28:52] ┇ INFO     ┇ => converting:  55%|███████████████████████████▋                      | 126/228 [20:42<16:13,  9.55s/item]
[11.16 12:29:02] ┇ INFO     ┇ => converting:  56%|███████████████████████████▊                      | 127/228 [20:51<15:53,  9.44s/item]
[11.16 12:29:11] ┇ INFO     ┇ => converting:  56%|████████████████████████████                      | 128/228 [21:01<15:45,  9.45s/item]
[11.16 12:29:22] ┇ INFO     ┇ => converting:  57%|████████████████████████████▎                     | 129/228 [21:11<16:13,  9.83s/item]
[11.16 12:29:35] ┇ INFO     ┇ => converting:  57%|████████████████████████████▌                     | 130/228 [21:25<17:46, 10.89s/item]
[11.16 12:29:46] ┇ INFO     ┇ => converting:  57%|████████████████████████████▋                     | 131/228 [21:36<17:35, 10.88s/item]
[11.16 12:29:56] ┇ INFO     ┇ => converting:  58%|████████████████████████████▉                     | 132/228 [21:46<17:06, 10.70s/item]
[11.16 12:30:06] ┇ INFO     ┇ => converting:  58%|█████████████████████████████▏                    | 133/228 [21:56<16:36, 10.49s/item]
[11.16 12:30:15] ┇ INFO     ┇ => converting:  59%|█████████████████████████████▍                    | 134/228 [22:04<15:33,  9.93s/item]
[11.16 12:30:24] ┇ INFO     ┇ => converting:  59%|█████████████████████████████▌                    | 135/228 [22:14<15:08,  9.76s/item]
[11.16 12:30:33] ┇ INFO     ┇ => converting:  60%|█████████████████████████████▊                    | 136/228 [22:23<14:43,  9.60s/item]
[11.16 12:30:42] ┇ INFO     ┇ => converting:  60%|██████████████████████████████                    | 137/228 [22:32<14:16,  9.41s/item]
[11.16 12:30:52] ┇ INFO     ┇ => converting:  61%|██████████████████████████████▎                   | 138/228 [22:41<14:01,  9.35s/item]
[11.16 12:31:01] ┇ INFO     ┇ => converting:  61%|██████████████████████████████▍                   | 139/228 [22:51<14:03,  9.47s/item]
[11.16 12:31:11] ┇ INFO     ┇ => converting:  61%|██████████████████████████████▋                   | 140/228 [23:01<14:08,  9.65s/item]
[11.16 12:31:24] ┇ INFO     ┇ => converting:  62%|██████████████████████████████▉                   | 141/228 [23:13<15:04, 10.39s/item]
[11.16 12:31:34] ┇ INFO     ┇ => converting:  62%|███████████████████████████████▏                  | 142/228 [23:24<15:03, 10.51s/item]
[11.16 12:31:45] ┇ INFO     ┇ => converting:  63%|███████████████████████████████▎                  | 143/228 [23:34<14:44, 10.40s/item]
[11.16 12:31:55] ┇ INFO     ┇ => converting:  63%|███████████████████████████████▌                  | 144/228 [23:44<14:28, 10.34s/item]
[11.16 12:32:05] ┇ INFO     ┇ => converting:  64%|███████████████████████████████▊                  | 145/228 [23:55<14:20, 10.37s/item]
[11.16 12:32:15] ┇ INFO     ┇ => converting:  64%|████████████████████████████████                  | 146/228 [24:05<13:56, 10.20s/item]
[11.16 12:32:25] ┇ INFO     ┇ => converting:  64%|████████████████████████████████▏                 | 147/228 [24:15<13:53, 10.29s/item]
[11.16 12:32:35] ┇ INFO     ┇ => converting:  65%|████████████████████████████████▍                 | 148/228 [24:25<13:30, 10.13s/item]
[11.16 12:32:45] ┇ INFO     ┇ => converting:  65%|████████████████████████████████▋                 | 149/228 [24:34<13:09,  9.99s/item]
[11.16 12:32:54] ┇ INFO     ┇ => converting:  66%|████████████████████████████████▉                 | 150/228 [24:43<12:30,  9.62s/item]
[11.16 12:33:03] ┇ INFO     ┇ => converting:  66%|█████████████████████████████████                 | 151/228 [24:53<12:20,  9.61s/item]
[11.16 12:33:13] ┇ INFO     ┇ => converting:  67%|█████████████████████████████████▎                | 152/228 [25:03<12:17,  9.71s/item]
[11.16 12:33:23] ┇ INFO     ┇ => converting:  67%|█████████████████████████████████▌                | 153/228 [25:13<12:12,  9.76s/item]
[11.16 12:33:32] ┇ INFO     ┇ => converting:  68%|█████████████████████████████████▊                | 154/228 [25:22<11:45,  9.54s/item]
[11.16 12:33:41] ┇ INFO     ┇ => converting:  68%|█████████████████████████████████▉                | 155/228 [25:30<11:16,  9.27s/item]
[11.16 12:33:49] ┇ INFO     ┇ => converting:  68%|██████████████████████████████████▏               | 156/228 [25:39<10:47,  8.99s/item]
[11.16 12:33:59] ┇ INFO     ┇ => converting:  69%|██████████████████████████████████▍               | 157/228 [25:49<11:04,  9.36s/item]
[11.16 12:34:09] ┇ INFO     ┇ => converting:  69%|██████████████████████████████████▋               | 158/228 [25:59<11:03,  9.48s/item]
[11.16 12:34:18] ┇ INFO     ┇ => converting:  70%|██████████████████████████████████▊               | 159/228 [26:08<10:43,  9.33s/item]
[11.16 12:34:28] ┇ INFO     ┇ => converting:  70%|███████████████████████████████████               | 160/228 [26:18<10:54,  9.62s/item]
[11.16 12:34:38] ┇ INFO     ┇ => converting:  71%|███████████████████████████████████▎              | 161/228 [26:27<10:43,  9.60s/item]
[11.16 12:34:49] ┇ INFO     ┇ => converting:  71%|███████████████████████████████████▌              | 162/228 [26:39<11:05, 10.08s/item]
[11.16 12:34:59] ┇ INFO     ┇ => converting:  71%|███████████████████████████████████▋              | 163/228 [26:49<10:59, 10.15s/item]
[11.16 12:35:08] ┇ INFO     ┇ => converting:  72%|███████████████████████████████████▉              | 164/228 [26:58<10:24,  9.76s/item]
[11.16 12:35:18] ┇ INFO     ┇ => converting:  72%|████████████████████████████████████▏             | 165/228 [27:07<10:07,  9.65s/item]
[11.16 12:35:27] ┇ INFO     ┇ => converting:  73%|████████████████████████████████████▍             | 166/228 [27:16<09:49,  9.51s/item]
[11.16 12:35:38] ┇ INFO     ┇ => converting:  73%|████████████████████████████████████▌             | 167/228 [27:27<10:05,  9.92s/item]
[11.16 12:35:46] ┇ INFO     ┇ => converting:  74%|████████████████████████████████████▊             | 168/228 [27:36<09:31,  9.52s/item]
[11.16 12:35:55] ┇ INFO     ┇ => converting:  74%|█████████████████████████████████████             | 169/228 [27:45<09:10,  9.33s/item]
[11.16 12:36:05] ┇ INFO     ┇ => converting:  75%|█████████████████████████████████████▎            | 170/228 [27:54<09:07,  9.44s/item]
[11.16 12:36:16] ┇ INFO     ┇ => converting:  75%|█████████████████████████████████████▌            | 171/228 [28:05<09:21,  9.86s/item]
[11.16 12:36:24] ┇ INFO     ┇ => converting:  75%|█████████████████████████████████████▋            | 172/228 [28:14<08:51,  9.50s/item]
[11.16 12:36:33] ┇ INFO     ┇ => converting:  76%|█████████████████████████████████████▉            | 173/228 [28:23<08:31,  9.30s/item]
[11.16 12:36:42] ┇ INFO     ┇ => converting:  76%|██████████████████████████████████████▏           | 174/228 [28:32<08:13,  9.14s/item]
[11.16 12:36:50] ┇ INFO     ┇ => converting:  77%|██████████████████████████████████████▍           | 175/228 [28:40<07:51,  8.90s/item]
[11.16 12:37:01] ┇ INFO     ┇ => converting:  77%|██████████████████████████████████████▌           | 176/228 [28:51<08:14,  9.50s/item]
[11.16 12:37:11] ┇ INFO     ┇ => converting:  78%|██████████████████████████████████████▊           | 177/228 [29:01<08:15,  9.72s/item]
[11.16 12:37:20] ┇ INFO     ┇ => converting:  78%|███████████████████████████████████████           | 178/228 [29:09<07:46,  9.33s/item]
[11.16 12:37:31] ┇ INFO     ┇ => converting:  79%|███████████████████████████████████████▎          | 179/228 [29:21<08:03,  9.86s/item]
[11.16 12:37:41] ┇ INFO     ┇ => converting:  79%|███████████████████████████████████████▍          | 180/228 [29:31<08:00, 10.01s/item]
[11.16 12:37:51] ┇ INFO     ┇ => converting:  79%|███████████████████████████████████████▋          | 181/228 [29:40<07:40,  9.79s/item]
[11.16 12:38:00] ┇ INFO     ┇ => converting:  80%|███████████████████████████████████████▉          | 182/228 [29:50<07:25,  9.68s/item]
[11.16 12:38:10] ┇ INFO     ┇ => converting:  80%|████████████████████████████████████████▏         | 183/228 [30:00<07:25,  9.89s/item]
[11.16 12:38:19] ┇ INFO     ┇ => converting:  81%|████████████████████████████████████████▎         | 184/228 [30:09<06:59,  9.54s/item]
[11.16 12:38:29] ┇ INFO     ┇ => converting:  81%|████████████████████████████████████████▌         | 185/228 [30:18<06:53,  9.62s/item]
[11.16 12:38:38] ┇ INFO     ┇ => converting:  82%|████████████████████████████████████████▊         | 186/228 [30:28<06:42,  9.58s/item]
[11.16 12:38:47] ┇ INFO     ┇ => converting:  82%|█████████████████████████████████████████         | 187/228 [30:37<06:24,  9.37s/item]
[11.16 12:38:57] ┇ INFO     ┇ => converting:  82%|█████████████████████████████████████████▏        | 188/228 [30:47<06:20,  9.51s/item]
[11.16 12:39:07] ┇ INFO     ┇ => converting:  83%|█████████████████████████████████████████▍        | 189/228 [30:56<06:12,  9.56s/item]
[11.16 12:39:19] ┇ INFO     ┇ => converting:  83%|█████████████████████████████████████████▋        | 190/228 [31:08<06:31, 10.29s/item]
[11.16 12:39:27] ┇ INFO     ┇ => converting:  84%|█████████████████████████████████████████▉        | 191/228 [31:17<06:02,  9.80s/item]
[11.16 12:39:40] ┇ INFO     ┇ =========================================================================================================================================
[11.16 12:39:40] ┇ INFO     ┇ [EXIT] python /home/chris/proj/chrisdata2/src/chrisdata/cli.py ner convert ($=00:31:30.197)
[11.16 12:39:40] ┇ INFO     ┇ =========================================================================================================================================
concurrent.futures.process._RemoteTraceback:
"""
Traceback (most recent call last):
  File "/home/chris/miniforge3/envs/chrisdata/lib/python3.11/site-packages/httpx/_transports/default.py", line 72, in map_httpcore_exceptions
    yield
  File "/home/chris/miniforge3/envs/chrisdata/lib/python3.11/site-packages/httpx/_transports/default.py", line 236, in handle_request
    resp = self._pool.handle_request(req)
           ^^^^^^^^^^^^^^^^^^^^^^^^^^^^^^
  File "/home/chris/miniforge3/envs/chrisdata/lib/python3.11/site-packages/httpcore/_sync/connection_pool.py", line 216, in handle_request
    raise exc from None
  File "/home/chris/miniforge3/envs/chrisdata/lib/python3.11/site-packages/httpcore/_sync/connection_pool.py", line 196, in handle_request
    response = connection.handle_request(
               ^^^^^^^^^^^^^^^^^^^^^^^^^^
  File "/home/chris/miniforge3/envs/chrisdata/lib/python3.11/site-packages/httpcore/_sync/connection.py", line 101, in handle_request
    return self._connection.handle_request(request)
           ^^^^^^^^^^^^^^^^^^^^^^^^^^^^^^^^^^^^^^^^
  File "/home/chris/miniforge3/envs/chrisdata/lib/python3.11/site-packages/httpcore/_sync/http11.py", line 143, in handle_request
    raise exc
  File "/home/chris/miniforge3/envs/chrisdata/lib/python3.11/site-packages/httpcore/_sync/http11.py", line 113, in handle_request
    ) = self._receive_response_headers(**kwargs)
        ^^^^^^^^^^^^^^^^^^^^^^^^^^^^^^^^^^^^^^^^
  File "/home/chris/miniforge3/envs/chrisdata/lib/python3.11/site-packages/httpcore/_sync/http11.py", line 186, in _receive_response_headers
    event = self._receive_event(timeout=timeout)
            ^^^^^^^^^^^^^^^^^^^^^^^^^^^^^^^^^^^^
  File "/home/chris/miniforge3/envs/chrisdata/lib/python3.11/site-packages/httpcore/_sync/http11.py", line 238, in _receive_event
    raise RemoteProtocolError(msg)
httpcore.RemoteProtocolError: Server disconnected without sending a response.

The above exception was the direct cause of the following exception:

Traceback (most recent call last):
  File "/home/chris/miniforge3/envs/chrisdata/lib/python3.11/concurrent/futures/process.py", line 261, in _process_worker
    r = call_item.fn(*call_item.args, **call_item.kwargs)
        ^^^^^^^^^^^^^^^^^^^^^^^^^^^^^^^^^^^^^^^^^^^^^^^^^
  File "/home/chris/proj/chrisdata2/src/chrisdata/ner/convert_ner.py", line 93, in process_one
    search_result_page = BeautifulSoup(http_client.get(source_link_url).text, 'html.parser')
                                       ^^^^^^^^^^^^^^^^^^^^^^^^^^^^^^^^
  File "/home/chris/miniforge3/envs/chrisdata/lib/python3.11/site-packages/httpx/_client.py", line 1066, in get
    return self.request(
           ^^^^^^^^^^^^^
  File "/home/chris/miniforge3/envs/chrisdata/lib/python3.11/site-packages/httpx/_client.py", line 837, in request
    return self.send(request, auth=auth, follow_redirects=follow_redirects)
           ^^^^^^^^^^^^^^^^^^^^^^^^^^^^^^^^^^^^^^^^^^^^^^^^^^^^^^^^^^^^^^^^
  File "/home/chris/miniforge3/envs/chrisdata/lib/python3.11/site-packages/httpx/_client.py", line 926, in send
    response = self._send_handling_auth(
               ^^^^^^^^^^^^^^^^^^^^^^^^^
  File "/home/chris/miniforge3/envs/chrisdata/lib/python3.11/site-packages/httpx/_client.py", line 954, in _send_handling_auth
    response = self._send_handling_redirects(
               ^^^^^^^^^^^^^^^^^^^^^^^^^^^^^^
  File "/home/chris/miniforge3/envs/chrisdata/lib/python3.11/site-packages/httpx/_client.py", line 991, in _send_handling_redirects
    response = self._send_single_request(request)
               ^^^^^^^^^^^^^^^^^^^^^^^^^^^^^^^^^^
  File "/home/chris/miniforge3/envs/chrisdata/lib/python3.11/site-packages/httpx/_client.py", line 1027, in _send_single_request
    response = transport.handle_request(request)
               ^^^^^^^^^^^^^^^^^^^^^^^^^^^^^^^^^
  File "/home/chris/miniforge3/envs/chrisdata/lib/python3.11/site-packages/httpx/_transports/default.py", line 235, in handle_request
    with map_httpcore_exceptions():
  File "/home/chris/miniforge3/envs/chrisdata/lib/python3.11/contextlib.py", line 158, in __exit__
    self.gen.throw(typ, value, traceback)
  File "/home/chris/miniforge3/envs/chrisdata/lib/python3.11/site-packages/httpx/_transports/default.py", line 89, in map_httpcore_exceptions
    raise mapped_exc(message) from exc
httpx.RemoteProtocolError: Server disconnected without sending a response.
"""

The above exception was the direct cause of the following exception:

Traceback (most recent call last):
  File "<frozen runpy>", line 198, in _run_module_as_main
  File "<frozen runpy>", line 88, in _run_code
  File "/home/chris/proj/chrisdata2/src/chrisdata/cli.py", line 25, in <module>
    main()
  File "/home/chris/miniforge3/envs/chrisdata/lib/python3.11/site-packages/typer/main.py", line 338, in __call__
    raise e
  File "/home/chris/miniforge3/envs/chrisdata/lib/python3.11/site-packages/typer/main.py", line 321, in __call__
    return get_command(self)(*args, **kwargs)
           ^^^^^^^^^^^^^^^^^^^^^^^^^^^^^^^^^^
  File "/home/chris/miniforge3/envs/chrisdata/lib/python3.11/site-packages/click/core.py", line 1157, in __call__
    return self.main(*args, **kwargs)
           ^^^^^^^^^^^^^^^^^^^^^^^^^^
  File "/home/chris/miniforge3/envs/chrisdata/lib/python3.11/site-packages/typer/core.py", line 728, in main
    return _main(
           ^^^^^^
  File "/home/chris/miniforge3/envs/chrisdata/lib/python3.11/site-packages/typer/core.py", line 197, in _main
    rv = self.invoke(ctx)
         ^^^^^^^^^^^^^^^^
  File "/home/chris/miniforge3/envs/chrisdata/lib/python3.11/site-packages/click/core.py", line 1688, in invoke
    return _process_result(sub_ctx.command.invoke(sub_ctx))
                           ^^^^^^^^^^^^^^^^^^^^^^^^^^^^^^^
  File "/home/chris/miniforge3/envs/chrisdata/lib/python3.11/site-packages/click/core.py", line 1688, in invoke
    return _process_result(sub_ctx.command.invoke(sub_ctx))
                           ^^^^^^^^^^^^^^^^^^^^^^^^^^^^^^^
  File "/home/chris/miniforge3/envs/chrisdata/lib/python3.11/site-packages/click/core.py", line 1434, in invoke
    return ctx.invoke(self.callback, **ctx.params)
           ^^^^^^^^^^^^^^^^^^^^^^^^^^^^^^^^^^^^^^^
  File "/home/chris/miniforge3/envs/chrisdata/lib/python3.11/site-packages/click/core.py", line 783, in invoke
    return __callback(*args, **kwargs)
           ^^^^^^^^^^^^^^^^^^^^^^^^^^^
  File "/home/chris/miniforge3/envs/chrisdata/lib/python3.11/site-packages/typer/main.py", line 703, in wrapper
    return callback(**use_params)
           ^^^^^^^^^^^^^^^^^^^^^^
  File "/home/chris/proj/chrisdata2/src/chrisdata/ner/convert_ner.py", line 265, in convert
    process_many2(item=item, args=args, writer=output_table, item_is_batch=input_data.has_batch_items())
  File "/home/chris/proj/chrisdata2/src/chrisdata/ner/convert_ner.py", line 151, in process_many2
    outputs = [job.result(timeout=args.env.waiting_sec) for job in jobs]
              ^^^^^^^^^^^^^^^^^^^^^^^^^^^^^^^^^^^^^^^^^^^^^^^^^^^^^^^^^^
  File "/home/chris/proj/chrisdata2/src/chrisdata/ner/convert_ner.py", line 151, in <listcomp>
    outputs = [job.result(timeout=args.env.waiting_sec) for job in jobs]
               ^^^^^^^^^^^^^^^^^^^^^^^^^^^^^^^^^^^^^^^^
  File "/home/chris/miniforge3/envs/chrisdata/lib/python3.11/concurrent/futures/_base.py", line 449, in result
    return self.__get_result()
           ^^^^^^^^^^^^^^^^^^^
  File "/home/chris/miniforge3/envs/chrisdata/lib/python3.11/concurrent/futures/_base.py", line 401, in __get_result
    raise self._exception
httpx.RemoteProtocolError: Server disconnected without sending a response.

Process finished with exit code 1
